<?xml version="1.0" encoding="UTF-8"?>
<testng-results ignored="0" total="1" passed="1" failed="0" skipped="0">
  <reporter-output>
  </reporter-output>
  <suite started-at="2025-07-04T19:11:32 EET" name="Default suite" finished-at="2025-07-04T19:11:35 EET" duration-ms="2717">
    <groups>
    </groups>
    <test started-at="2025-07-04T19:11:32 EET" name="Default test" finished-at="2025-07-04T19:11:35 EET" duration-ms="2717">
      <class name="login.MyTestCases">
        <test-method is-config="true" signature="MySetup()[pri:0, instance:login.MyTestCases@50ecde95]" started-at="2025-07-04T19:11:32 EET" name="MySetup" finished-at="2025-07-04T19:11:33 EET" duration-ms="1679" status="PASS">
          <reporter-output>
          </reporter-output>
        </test-method> <!-- MySetup -->
        <test-method signature="SignUp()[pri:0, instance:login.MyTestCases@50ecde95]" started-at="2025-07-04T19:11:33 EET" name="SignUp" finished-at="2025-07-04T19:11:35 EET" duration-ms="1020" status="PASS">
          <reporter-output>
          </reporter-output>
        </test-method> <!-- SignUp -->
      </class> <!-- login.MyTestCases -->
    </test> <!-- Default test -->
  </suite> <!-- Default suite -->
</testng-results>
